0 info it worked if it ends with ok
1 verbose cli [ 'C:\\Packages\\nodejs\\node.exe',
1 verbose cli   'C:\\Packages\\nvm\\npm\\node_modules\\npm\\bin\\npm-cli.js',
1 verbose cli   'run',
1 verbose cli   'start' ]
2 info using npm@4.0.5
3 info using node@v6.9.4
4 verbose run-script [ 'prestart', 'start', 'poststart' ]
5 info lifecycle react-blog@1.0.0~prestart: react-blog@1.0.0
6 silly lifecycle react-blog@1.0.0~prestart: no script for prestart, continuing
7 info lifecycle react-blog@1.0.0~start: react-blog@1.0.0
8 verbose lifecycle react-blog@1.0.0~start: unsafe-perm in lifecycle true
9 verbose lifecycle react-blog@1.0.0~start: PATH: C:\Packages\nvm\npm\node_modules\npm\bin\node-gyp-bin;C:\Github\ReactBlog\node_modules\.bin;C:\Packages\Python27\;C:\Packages\Python27\Scripts;C:\ProgramData\Oracle\Java\javapath;C:\Packages\nvm\npm;C:\Packages\nvm;C:\Packages\nodejs;C:\WINDOWS\system32;C:\WINDOWS;C:\WINDOWS\System32\Wbem;C:\WINDOWS\System32\WindowsPowerShell\v1.0\;C:\Softwares\cmder;C:\Users\Betamee\AppData\Local\Microsoft\WindowsApps;C:\Softwares\Microsoft VS Code\bin;C:\Softwares\Crucial\Crucial Storage Executive;C:\Packages\xampp\php;C:\Packages\xampp\php\ext;C:\Softwares\MATLAB\R2015b\runtime\win64;C:\Softwares\MATLAB\R2015b\bin;C:\Softwares\MATLAB\R2015b\polyspace\bin;C:\Program Files\Microsoft SQL Server\130\Tools\Binn\;C:\Packages\Java\jdk1.8.0_102\bin;C:\Packages\Java\jdk1.8.0_102\jre\bin;C:\Softwares\Calibre2\;C:\Program Files (x86)\Windows Kits\8.1\Windows Performance Toolkit\;C:\Program Files\dotnet\;C:\Program Files\Microsoft\Web Platform Installer\;C:\ProgramData\chocolatey\bin;C:\Packages\gradle-3.2.1\bin;C:\Softwares\Git\cmd;C:\Softwares\WinSCP\;C:\Packages\Ruby23-x64\bin;C:\Packages\MongoDB\Server\3.4\bin;C:\Packages\Ruby23-x64\bin;C:\Users\Betamee\AppData\Local\Microsoft\WindowsApps;C:\Softwares\Microsoft VS Code\bin;C:\Packages\Android\sdk\tools;C:\Packages\Android\sdk\platform-tools
10 verbose lifecycle react-blog@1.0.0~start: CWD: C:\Github\ReactBlog
11 silly lifecycle react-blog@1.0.0~start: Args: [ '/d /s /c', 'babel-node index.js' ]
12 silly lifecycle react-blog@1.0.0~start: Returned: code: 1  signal: null
13 info lifecycle react-blog@1.0.0~start: Failed to exec start script
14 verbose stack Error: react-blog@1.0.0 start: `babel-node index.js`
14 verbose stack Exit status 1
14 verbose stack     at EventEmitter.<anonymous> (C:\Packages\nvm\npm\node_modules\npm\lib\utils\lifecycle.js:279:16)
14 verbose stack     at emitTwo (events.js:106:13)
14 verbose stack     at EventEmitter.emit (events.js:191:7)
14 verbose stack     at ChildProcess.<anonymous> (C:\Packages\nvm\npm\node_modules\npm\lib\utils\spawn.js:40:14)
14 verbose stack     at emitTwo (events.js:106:13)
14 verbose stack     at ChildProcess.emit (events.js:191:7)
14 verbose stack     at maybeClose (internal/child_process.js:877:16)
14 verbose stack     at Process.ChildProcess._handle.onexit (internal/child_process.js:226:5)
15 verbose pkgid react-blog@1.0.0
16 verbose cwd C:\Github\ReactBlog
17 error Windows_NT 10.0.14393
18 error argv "C:\\Packages\\nodejs\\node.exe" "C:\\Packages\\nvm\\npm\\node_modules\\npm\\bin\\npm-cli.js" "run" "start"
19 error node v6.9.4
20 error npm  v4.0.5
21 error code ELIFECYCLE
22 error react-blog@1.0.0 start: `babel-node index.js`
22 error Exit status 1
23 error Failed at the react-blog@1.0.0 start script 'babel-node index.js'.
23 error Make sure you have the latest version of node.js and npm installed.
23 error If you do, this is most likely a problem with the react-blog package,
23 error not with npm itself.
23 error Tell the author that this fails on your system:
23 error     babel-node index.js
23 error You can get information on how to open an issue for this project with:
23 error     npm bugs react-blog
23 error Or if that isn't available, you can get their info via:
23 error     npm owner ls react-blog
23 error There is likely additional logging output above.
24 verbose exit [ 1, true ]
